2015/07/25 18:01:41 [error] [exception.Exception] exception 'Exception' with message 'Invalid Bootstrap path and CDN URL not set. Set vendor.twbs.bootstrap.dist alias or cdnUrl parameter in the configuration file.' in C:\_program\xampp\htdocs\wil_webapp\protected\extensions\bootstrap\components\TbApi.php:245
Stack trace:
#0 C:\_program\xampp\htdocs\wil_webapp\protected\extensions\bootstrap\components\TbApi.php(75): TbApi->getBootstrapUrl()
#1 C:\_program\xampp\htdocs\wil_webapp\protected\extensions\bootstrap\components\TbApi.php(122): TbApi->registerCoreCss()
#2 C:\_program\xampp\htdocs\wil_webapp\protected\extensions\bootstrap\components\TbApi.php(167): TbApi->registerAllCss()
#3 C:\_program\xampp\htdocs\wil_webapp\protected\views\layouts\main.php(2): TbApi->register()
#4 C:\_program\xampp\htdocs\yii\framework\web\CBaseController.php(126): require('C:\\_program\\xam...')
#5 C:\_program\xampp\htdocs\yii\framework\web\CBaseController.php(95): CBaseController->renderInternal('C:\\_program\\xam...', Array, true)
#6 C:\_program\xampp\htdocs\yii\framework\web\widgets\CContentDecorator.php(76): CBaseController->renderFile('C:\\_program\\xam...', Array, true)
#7 C:\_program\xampp\htdocs\yii\framework\web\widgets\CContentDecorator.php(54): CContentDecorator->decorate('<div id="conten...')
#8 C:\_program\xampp\htdocs\yii\framework\web\widgets\COutputProcessor.php(44): CContentDecorator->processOutput('<div id="conten...')
#9 C:\_program\xampp\htdocs\yii\framework\web\CBaseController.php(214): COutputProcessor->run()
#10 C:\_program\xampp\htdocs\yii\framework\web\CBaseController.php(308): CBaseController->endWidget('CContentDecorat...')
#11 C:\_program\xampp\htdocs\wil_webapp\protected\views\layouts\column1.php(6): CBaseController->endContent()
#12 C:\_program\xampp\htdocs\yii\framework\web\CBaseController.php(126): require('C:\\_program\\xam...')
#13 C:\_program\xampp\htdocs\yii\framework\web\CBaseController.php(95): CBaseController->renderInternal('C:\\_program\\xam...', Array, true)
#14 C:\_program\xampp\htdocs\yii\framework\web\CController.php(784): CBaseController->renderFile('C:\\_program\\xam...', Array, true)
#15 C:\_program\xampp\htdocs\wil_webapp\protected\controllers\SiteController.php(32): CController->render('index')
#16 C:\_program\xampp\htdocs\yii\framework\web\actions\CInlineAction.php(49): SiteController->actionIndex()
#17 C:\_program\xampp\htdocs\yii\framework\web\CController.php(308): CInlineAction->runWithParams(Array)
#18 C:\_program\xampp\htdocs\yii\framework\web\CController.php(286): CController->runAction(Object(CInlineAction))
#19 C:\_program\xampp\htdocs\yii\framework\web\CController.php(265): CController->runActionWithFilters(Object(CInlineAction), Array)
#20 C:\_program\xampp\htdocs\yii\framework\web\CWebApplication.php(282): CController->run('')
#21 C:\_program\xampp\htdocs\yii\framework\web\CWebApplication.php(141): CWebApplication->runController('')
#22 C:\_program\xampp\htdocs\yii\framework\base\CApplication.php(184): CWebApplication->processRequest()
#23 C:\_program\xampp\htdocs\wil_webapp\index.php(13): CApplication->run()
#24 {main}
REQUEST_URI=/wil_webapp/
---
2015/07/25 18:14:13 [error] [exception.Exception] exception 'Exception' with message 'Invalid Bootstrap path and CDN URL not set. Set vendor.twbs.bootstrap.dist alias or cdnUrl parameter in the configuration file.' in C:\_program\xampp\htdocs\wil_webapp\protected\extensions\bootstrap\components\TbApi.php:245
Stack trace:
#0 C:\_program\xampp\htdocs\wil_webapp\protected\extensions\bootstrap\components\TbApi.php(75): TbApi->getBootstrapUrl()
#1 C:\_program\xampp\htdocs\wil_webapp\protected\extensions\bootstrap\components\TbApi.php(122): TbApi->registerCoreCss()
#2 C:\_program\xampp\htdocs\wil_webapp\protected\extensions\bootstrap\components\TbApi.php(167): TbApi->registerAllCss()
#3 C:\_program\xampp\htdocs\wil_webapp\protected\views\layouts\main.php(2): TbApi->register()
#4 C:\_program\xampp\htdocs\yii\framework\web\CBaseController.php(126): require('C:\\_program\\xam...')
#5 C:\_program\xampp\htdocs\yii\framework\web\CBaseController.php(95): CBaseController->renderInternal('C:\\_program\\xam...', Array, true)
#6 C:\_program\xampp\htdocs\yii\framework\web\widgets\CContentDecorator.php(76): CBaseController->renderFile('C:\\_program\\xam...', Array, true)
#7 C:\_program\xampp\htdocs\yii\framework\web\widgets\CContentDecorator.php(54): CContentDecorator->decorate('<div id="conten...')
#8 C:\_program\xampp\htdocs\yii\framework\web\widgets\COutputProcessor.php(44): CContentDecorator->processOutput('<div id="conten...')
#9 C:\_program\xampp\htdocs\yii\framework\web\CBaseController.php(214): COutputProcessor->run()
#10 C:\_program\xampp\htdocs\yii\framework\web\CBaseController.php(308): CBaseController->endWidget('CContentDecorat...')
#11 C:\_program\xampp\htdocs\wil_webapp\protected\views\layouts\column1.php(6): CBaseController->endContent()
#12 C:\_program\xampp\htdocs\yii\framework\web\CBaseController.php(126): require('C:\\_program\\xam...')
#13 C:\_program\xampp\htdocs\yii\framework\web\CBaseController.php(95): CBaseController->renderInternal('C:\\_program\\xam...', Array, true)
#14 C:\_program\xampp\htdocs\yii\framework\web\CController.php(784): CBaseController->renderFile('C:\\_program\\xam...', Array, true)
#15 C:\_program\xampp\htdocs\wil_webapp\protected\controllers\SiteController.php(32): CController->render('index')
#16 C:\_program\xampp\htdocs\yii\framework\web\actions\CInlineAction.php(49): SiteController->actionIndex()
#17 C:\_program\xampp\htdocs\yii\framework\web\CController.php(308): CInlineAction->runWithParams(Array)
#18 C:\_program\xampp\htdocs\yii\framework\web\CController.php(286): CController->runAction(Object(CInlineAction))
#19 C:\_program\xampp\htdocs\yii\framework\web\CController.php(265): CController->runActionWithFilters(Object(CInlineAction), Array)
#20 C:\_program\xampp\htdocs\yii\framework\web\CWebApplication.php(282): CController->run('')
#21 C:\_program\xampp\htdocs\yii\framework\web\CWebApplication.php(141): CWebApplication->runController('')
#22 C:\_program\xampp\htdocs\yii\framework\base\CApplication.php(184): CWebApplication->processRequest()
#23 C:\_program\xampp\htdocs\wil_webapp\index.php(13): CApplication->run()
#24 {main}
REQUEST_URI=/wil_webapp/
---
2015/07/25 18:14:22 [error] [exception.Exception] exception 'Exception' with message 'Invalid Bootstrap path and CDN URL not set. Set vendor.twbs.bootstrap.dist alias or cdnUrl parameter in the configuration file.' in C:\_program\xampp\htdocs\wil_webapp\protected\extensions\bootstrap\components\TbApi.php:245
Stack trace:
#0 C:\_program\xampp\htdocs\wil_webapp\protected\extensions\bootstrap\components\TbApi.php(75): TbApi->getBootstrapUrl()
#1 C:\_program\xampp\htdocs\wil_webapp\protected\extensions\bootstrap\components\TbApi.php(122): TbApi->registerCoreCss()
#2 C:\_program\xampp\htdocs\wil_webapp\protected\extensions\bootstrap\components\TbApi.php(167): TbApi->registerAllCss()
#3 C:\_program\xampp\htdocs\wil_webapp\protected\views\layouts\main.php(2): TbApi->register()
#4 C:\_program\xampp\htdocs\yii\framework\web\CBaseController.php(126): require('C:\\_program\\xam...')
#5 C:\_program\xampp\htdocs\yii\framework\web\CBaseController.php(95): CBaseController->renderInternal('C:\\_program\\xam...', Array, true)
#6 C:\_program\xampp\htdocs\yii\framework\web\widgets\CContentDecorator.php(76): CBaseController->renderFile('C:\\_program\\xam...', Array, true)
#7 C:\_program\xampp\htdocs\yii\framework\web\widgets\CContentDecorator.php(54): CContentDecorator->decorate('<div id="conten...')
#8 C:\_program\xampp\htdocs\yii\framework\web\widgets\COutputProcessor.php(44): CContentDecorator->processOutput('<div id="conten...')
#9 C:\_program\xampp\htdocs\yii\framework\web\CBaseController.php(214): COutputProcessor->run()
#10 C:\_program\xampp\htdocs\yii\framework\web\CBaseController.php(308): CBaseController->endWidget('CContentDecorat...')
#11 C:\_program\xampp\htdocs\wil_webapp\protected\views\layouts\column1.php(6): CBaseController->endContent()
#12 C:\_program\xampp\htdocs\yii\framework\web\CBaseController.php(126): require('C:\\_program\\xam...')
#13 C:\_program\xampp\htdocs\yii\framework\web\CBaseController.php(95): CBaseController->renderInternal('C:\\_program\\xam...', Array, true)
#14 C:\_program\xampp\htdocs\yii\framework\web\CController.php(784): CBaseController->renderFile('C:\\_program\\xam...', Array, true)
#15 C:\_program\xampp\htdocs\wil_webapp\protected\controllers\SiteController.php(32): CController->render('index')
#16 C:\_program\xampp\htdocs\yii\framework\web\actions\CInlineAction.php(49): SiteController->actionIndex()
#17 C:\_program\xampp\htdocs\yii\framework\web\CController.php(308): CInlineAction->runWithParams(Array)
#18 C:\_program\xampp\htdocs\yii\framework\web\CController.php(286): CController->runAction(Object(CInlineAction))
#19 C:\_program\xampp\htdocs\yii\framework\web\CController.php(265): CController->runActionWithFilters(Object(CInlineAction), Array)
#20 C:\_program\xampp\htdocs\yii\framework\web\CWebApplication.php(282): CController->run('')
#21 C:\_program\xampp\htdocs\yii\framework\web\CWebApplication.php(141): CWebApplication->runController('')
#22 C:\_program\xampp\htdocs\yii\framework\base\CApplication.php(184): CWebApplication->processRequest()
#23 C:\_program\xampp\htdocs\wil_webapp\index.php(13): CApplication->run()
#24 {main}
REQUEST_URI=/wil_webapp/
---
2015/07/25 18:14:22 [error] [exception.Exception] exception 'Exception' with message 'Invalid Bootstrap path and CDN URL not set. Set vendor.twbs.bootstrap.dist alias or cdnUrl parameter in the configuration file.' in C:\_program\xampp\htdocs\wil_webapp\protected\extensions\bootstrap\components\TbApi.php:245
Stack trace:
#0 C:\_program\xampp\htdocs\wil_webapp\protected\extensions\bootstrap\components\TbApi.php(75): TbApi->getBootstrapUrl()
#1 C:\_program\xampp\htdocs\wil_webapp\protected\extensions\bootstrap\components\TbApi.php(122): TbApi->registerCoreCss()
#2 C:\_program\xampp\htdocs\wil_webapp\protected\extensions\bootstrap\components\TbApi.php(167): TbApi->registerAllCss()
#3 C:\_program\xampp\htdocs\wil_webapp\protected\views\layouts\main.php(2): TbApi->register()
#4 C:\_program\xampp\htdocs\yii\framework\web\CBaseController.php(126): require('C:\\_program\\xam...')
#5 C:\_program\xampp\htdocs\yii\framework\web\CBaseController.php(95): CBaseController->renderInternal('C:\\_program\\xam...', Array, true)
#6 C:\_program\xampp\htdocs\yii\framework\web\widgets\CContentDecorator.php(76): CBaseController->renderFile('C:\\_program\\xam...', Array, true)
#7 C:\_program\xampp\htdocs\yii\framework\web\widgets\CContentDecorator.php(54): CContentDecorator->decorate('<div id="conten...')
#8 C:\_program\xampp\htdocs\yii\framework\web\widgets\COutputProcessor.php(44): CContentDecorator->processOutput('<div id="conten...')
#9 C:\_program\xampp\htdocs\yii\framework\web\CBaseController.php(214): COutputProcessor->run()
#10 C:\_program\xampp\htdocs\yii\framework\web\CBaseController.php(308): CBaseController->endWidget('CContentDecorat...')
#11 C:\_program\xampp\htdocs\wil_webapp\protected\views\layouts\column1.php(6): CBaseController->endContent()
#12 C:\_program\xampp\htdocs\yii\framework\web\CBaseController.php(126): require('C:\\_program\\xam...')
#13 C:\_program\xampp\htdocs\yii\framework\web\CBaseController.php(95): CBaseController->renderInternal('C:\\_program\\xam...', Array, true)
#14 C:\_program\xampp\htdocs\yii\framework\web\CController.php(784): CBaseController->renderFile('C:\\_program\\xam...', Array, true)
#15 C:\_program\xampp\htdocs\wil_webapp\protected\controllers\SiteController.php(32): CController->render('index')
#16 C:\_program\xampp\htdocs\yii\framework\web\actions\CInlineAction.php(49): SiteController->actionIndex()
#17 C:\_program\xampp\htdocs\yii\framework\web\CController.php(308): CInlineAction->runWithParams(Array)
#18 C:\_program\xampp\htdocs\yii\framework\web\CController.php(286): CController->runAction(Object(CInlineAction))
#19 C:\_program\xampp\htdocs\yii\framework\web\CController.php(265): CController->runActionWithFilters(Object(CInlineAction), Array)
#20 C:\_program\xampp\htdocs\yii\framework\web\CWebApplication.php(282): CController->run('')
#21 C:\_program\xampp\htdocs\yii\framework\web\CWebApplication.php(141): CWebApplication->runController('')
#22 C:\_program\xampp\htdocs\yii\framework\base\CApplication.php(184): CWebApplication->processRequest()
#23 C:\_program\xampp\htdocs\wil_webapp\index.php(13): CApplication->run()
#24 {main}
REQUEST_URI=/wil_webapp/
---
2015/07/25 18:14:29 [error] [exception.Exception] exception 'Exception' with message 'Invalid Bootstrap path and CDN URL not set. Set vendor.twbs.bootstrap.dist alias or cdnUrl parameter in the configuration file.' in C:\_program\xampp\htdocs\wil_webapp\protected\extensions\bootstrap\components\TbApi.php:245
Stack trace:
#0 C:\_program\xampp\htdocs\wil_webapp\protected\extensions\bootstrap\components\TbApi.php(75): TbApi->getBootstrapUrl()
#1 C:\_program\xampp\htdocs\wil_webapp\protected\extensions\bootstrap\components\TbApi.php(122): TbApi->registerCoreCss()
#2 C:\_program\xampp\htdocs\wil_webapp\protected\extensions\bootstrap\components\TbApi.php(167): TbApi->registerAllCss()
#3 C:\_program\xampp\htdocs\wil_webapp\protected\views\layouts\main.php(2): TbApi->register()
#4 C:\_program\xampp\htdocs\yii\framework\web\CBaseController.php(126): require('C:\\_program\\xam...')
#5 C:\_program\xampp\htdocs\yii\framework\web\CBaseController.php(95): CBaseController->renderInternal('C:\\_program\\xam...', Array, true)
#6 C:\_program\xampp\htdocs\yii\framework\web\widgets\CContentDecorator.php(76): CBaseController->renderFile('C:\\_program\\xam...', Array, true)
#7 C:\_program\xampp\htdocs\yii\framework\web\widgets\CContentDecorator.php(54): CContentDecorator->decorate('<div id="conten...')
#8 C:\_program\xampp\htdocs\yii\framework\web\widgets\COutputProcessor.php(44): CContentDecorator->processOutput('<div id="conten...')
#9 C:\_program\xampp\htdocs\yii\framework\web\CBaseController.php(214): COutputProcessor->run()
#10 C:\_program\xampp\htdocs\yii\framework\web\CBaseController.php(308): CBaseController->endWidget('CContentDecorat...')
#11 C:\_program\xampp\htdocs\wil_webapp\protected\views\layouts\column1.php(6): CBaseController->endContent()
#12 C:\_program\xampp\htdocs\yii\framework\web\CBaseController.php(126): require('C:\\_program\\xam...')
#13 C:\_program\xampp\htdocs\yii\framework\web\CBaseController.php(95): CBaseController->renderInternal('C:\\_program\\xam...', Array, true)
#14 C:\_program\xampp\htdocs\yii\framework\web\CController.php(784): CBaseController->renderFile('C:\\_program\\xam...', Array, true)
#15 C:\_program\xampp\htdocs\wil_webapp\protected\controllers\SiteController.php(32): CController->render('index')
#16 C:\_program\xampp\htdocs\yii\framework\web\actions\CInlineAction.php(49): SiteController->actionIndex()
#17 C:\_program\xampp\htdocs\yii\framework\web\CController.php(308): CInlineAction->runWithParams(Array)
#18 C:\_program\xampp\htdocs\yii\framework\web\CController.php(286): CController->runAction(Object(CInlineAction))
#19 C:\_program\xampp\htdocs\yii\framework\web\CController.php(265): CController->runActionWithFilters(Object(CInlineAction), Array)
#20 C:\_program\xampp\htdocs\yii\framework\web\CWebApplication.php(282): CController->run('')
#21 C:\_program\xampp\htdocs\yii\framework\web\CWebApplication.php(141): CWebApplication->runController('')
#22 C:\_program\xampp\htdocs\yii\framework\base\CApplication.php(184): CWebApplication->processRequest()
#23 C:\_program\xampp\htdocs\wil_webapp\index.php(13): CApplication->run()
#24 {main}
REQUEST_URI=/wil_webapp/
---
2015/07/25 18:14:43 [error] [exception.Exception] exception 'Exception' with message 'Invalid Bootstrap path and CDN URL not set. Set vendor.twbs.bootstrap.dist alias or cdnUrl parameter in the configuration file.' in C:\_program\xampp\htdocs\wil_webapp\protected\extensions\bootstrap\components\TbApi.php:245
Stack trace:
#0 C:\_program\xampp\htdocs\wil_webapp\protected\extensions\bootstrap\components\TbApi.php(75): TbApi->getBootstrapUrl()
#1 C:\_program\xampp\htdocs\wil_webapp\protected\extensions\bootstrap\components\TbApi.php(122): TbApi->registerCoreCss()
#2 C:\_program\xampp\htdocs\wil_webapp\protected\extensions\bootstrap\components\TbApi.php(167): TbApi->registerAllCss()
#3 C:\_program\xampp\htdocs\wil_webapp\protected\views\layouts\main.php(2): TbApi->register()
#4 C:\_program\xampp\htdocs\yii\framework\web\CBaseController.php(126): require('C:\\_program\\xam...')
#5 C:\_program\xampp\htdocs\yii\framework\web\CBaseController.php(95): CBaseController->renderInternal('C:\\_program\\xam...', Array, true)
#6 C:\_program\xampp\htdocs\yii\framework\web\widgets\CContentDecorator.php(76): CBaseController->renderFile('C:\\_program\\xam...', Array, true)
#7 C:\_program\xampp\htdocs\yii\framework\web\widgets\CContentDecorator.php(54): CContentDecorator->decorate('<div id="conten...')
#8 C:\_program\xampp\htdocs\yii\framework\web\widgets\COutputProcessor.php(44): CContentDecorator->processOutput('<div id="conten...')
#9 C:\_program\xampp\htdocs\yii\framework\web\CBaseController.php(214): COutputProcessor->run()
#10 C:\_program\xampp\htdocs\yii\framework\web\CBaseController.php(308): CBaseController->endWidget('CContentDecorat...')
#11 C:\_program\xampp\htdocs\wil_webapp\protected\views\layouts\column1.php(6): CBaseController->endContent()
#12 C:\_program\xampp\htdocs\yii\framework\web\CBaseController.php(126): require('C:\\_program\\xam...')
#13 C:\_program\xampp\htdocs\yii\framework\web\CBaseController.php(95): CBaseController->renderInternal('C:\\_program\\xam...', Array, true)
#14 C:\_program\xampp\htdocs\yii\framework\web\CController.php(784): CBaseController->renderFile('C:\\_program\\xam...', Array, true)
#15 C:\_program\xampp\htdocs\wil_webapp\protected\controllers\SiteController.php(32): CController->render('index')
#16 C:\_program\xampp\htdocs\yii\framework\web\actions\CInlineAction.php(49): SiteController->actionIndex()
#17 C:\_program\xampp\htdocs\yii\framework\web\CController.php(308): CInlineAction->runWithParams(Array)
#18 C:\_program\xampp\htdocs\yii\framework\web\CController.php(286): CController->runAction(Object(CInlineAction))
#19 C:\_program\xampp\htdocs\yii\framework\web\CController.php(265): CController->runActionWithFilters(Object(CInlineAction), Array)
#20 C:\_program\xampp\htdocs\yii\framework\web\CWebApplication.php(282): CController->run('')
#21 C:\_program\xampp\htdocs\yii\framework\web\CWebApplication.php(141): CWebApplication->runController('')
#22 C:\_program\xampp\htdocs\yii\framework\base\CApplication.php(184): CWebApplication->processRequest()
#23 C:\_program\xampp\htdocs\wil_webapp\index.php(13): CApplication->run()
#24 {main}
REQUEST_URI=/wil_webapp/
---
2015/07/25 19:07:12 [error] [exception.Exception] exception 'Exception' with message 'Invalid Bootstrap path and CDN URL not set. Set vendor.twbs.bootstrap.dist alias or cdnUrl parameter in the configuration file.' in C:\_program\xampp\htdocs\wil_webapp\protected\extensions\bootstrap\components\TbApi.php:245
Stack trace:
#0 C:\_program\xampp\htdocs\wil_webapp\protected\extensions\bootstrap\components\TbApi.php(75): TbApi->getBootstrapUrl()
#1 C:\_program\xampp\htdocs\wil_webapp\protected\extensions\bootstrap\components\TbApi.php(122): TbApi->registerCoreCss()
#2 C:\_program\xampp\htdocs\wil_webapp\protected\extensions\bootstrap\components\TbApi.php(167): TbApi->registerAllCss()
#3 C:\_program\xampp\htdocs\wil_webapp\protected\views\layouts\main.php(19): TbApi->register()
#4 C:\_program\xampp\htdocs\yii\framework\web\CBaseController.php(126): require('C:\\_program\\xam...')
#5 C:\_program\xampp\htdocs\yii\framework\web\CBaseController.php(95): CBaseController->renderInternal('C:\\_program\\xam...', Array, true)
#6 C:\_program\xampp\htdocs\yii\framework\web\widgets\CContentDecorator.php(76): CBaseController->renderFile('C:\\_program\\xam...', Array, true)
#7 C:\_program\xampp\htdocs\yii\framework\web\widgets\CContentDecorator.php(54): CContentDecorator->decorate('<div id="conten...')
#8 C:\_program\xampp\htdocs\yii\framework\web\widgets\COutputProcessor.php(44): CContentDecorator->processOutput('<div id="conten...')
#9 C:\_program\xampp\htdocs\yii\framework\web\CBaseController.php(214): COutputProcessor->run()
#10 C:\_program\xampp\htdocs\yii\framework\web\CBaseController.php(308): CBaseController->endWidget('CContentDecorat...')
#11 C:\_program\xampp\htdocs\wil_webapp\protected\views\layouts\column1.php(6): CBaseController->endContent()
#12 C:\_program\xampp\htdocs\yii\framework\web\CBaseController.php(126): require('C:\\_program\\xam...')
#13 C:\_program\xampp\htdocs\yii\framework\web\CBaseController.php(95): CBaseController->renderInternal('C:\\_program\\xam...', Array, true)
#14 C:\_program\xampp\htdocs\yii\framework\web\CController.php(784): CBaseController->renderFile('C:\\_program\\xam...', Array, true)
#15 C:\_program\xampp\htdocs\wil_webapp\protected\controllers\SiteController.php(32): CController->render('index')
#16 C:\_program\xampp\htdocs\yii\framework\web\actions\CInlineAction.php(49): SiteController->actionIndex()
#17 C:\_program\xampp\htdocs\yii\framework\web\CController.php(308): CInlineAction->runWithParams(Array)
#18 C:\_program\xampp\htdocs\yii\framework\web\CController.php(286): CController->runAction(Object(CInlineAction))
#19 C:\_program\xampp\htdocs\yii\framework\web\CController.php(265): CController->runActionWithFilters(Object(CInlineAction), Array)
#20 C:\_program\xampp\htdocs\yii\framework\web\CWebApplication.php(282): CController->run('index')
#21 C:\_program\xampp\htdocs\yii\framework\web\CWebApplication.php(141): CWebApplication->runController('site/index')
#22 C:\_program\xampp\htdocs\yii\framework\base\CApplication.php(184): CWebApplication->processRequest()
#23 C:\_program\xampp\htdocs\wil_webapp\index.php(13): CApplication->run()
#24 {main}
REQUEST_URI=/wil_webapp/site/index
HTTP_REFERER=http://localhost/wil_webapp/site/login
---
2015/07/25 19:16:56 [error] [exception.CHttpException.404] exception 'CHttpException' with message 'Unable to resolve the request "assets/d445b224/css/bootstrap.css".' in C:\_program\xampp\htdocs\yii\framework\web\CWebApplication.php:286
Stack trace:
#0 C:\_program\xampp\htdocs\yii\framework\web\CWebApplication.php(141): CWebApplication->runController('assets/d445b224...')
#1 C:\_program\xampp\htdocs\yii\framework\base\CApplication.php(184): CWebApplication->processRequest()
#2 C:\_program\xampp\htdocs\wil_webapp\index.php(13): CApplication->run()
#3 {main}
REQUEST_URI=/wil_webapp/assets/d445b224/css/bootstrap.css
HTTP_REFERER=http://localhost/wil_webapp/
---
2015/07/25 19:16:56 [error] [exception.CHttpException.404] exception 'CHttpException' with message 'Unable to resolve the request "assets/d445b224/js/bootstrap.js".' in C:\_program\xampp\htdocs\yii\framework\web\CWebApplication.php:286
Stack trace:
#0 C:\_program\xampp\htdocs\yii\framework\web\CWebApplication.php(141): CWebApplication->runController('assets/d445b224...')
#1 C:\_program\xampp\htdocs\yii\framework\base\CApplication.php(184): CWebApplication->processRequest()
#2 C:\_program\xampp\htdocs\wil_webapp\index.php(13): CApplication->run()
#3 {main}
REQUEST_URI=/wil_webapp/assets/d445b224/js/bootstrap.js
HTTP_REFERER=http://localhost/wil_webapp/
---
2015/07/25 19:17:09 [error] [exception.CHttpException.404] exception 'CHttpException' with message 'Unable to resolve the request "assets/d445b224/css/bootstrap.css".' in C:\_program\xampp\htdocs\yii\framework\web\CWebApplication.php:286
Stack trace:
#0 C:\_program\xampp\htdocs\yii\framework\web\CWebApplication.php(141): CWebApplication->runController('assets/d445b224...')
#1 C:\_program\xampp\htdocs\yii\framework\base\CApplication.php(184): CWebApplication->processRequest()
#2 C:\_program\xampp\htdocs\wil_webapp\index.php(13): CApplication->run()
#3 {main}
REQUEST_URI=/wil_webapp/assets/d445b224/css/bootstrap.css
HTTP_REFERER=http://localhost/wil_webapp/site/contact
---
2015/07/25 19:17:09 [error] [exception.CHttpException.404] exception 'CHttpException' with message 'Unable to resolve the request "assets/d445b224/js/bootstrap.js".' in C:\_program\xampp\htdocs\yii\framework\web\CWebApplication.php:286
Stack trace:
#0 C:\_program\xampp\htdocs\yii\framework\web\CWebApplication.php(141): CWebApplication->runController('assets/d445b224...')
#1 C:\_program\xampp\htdocs\yii\framework\base\CApplication.php(184): CWebApplication->processRequest()
#2 C:\_program\xampp\htdocs\wil_webapp\index.php(13): CApplication->run()
#3 {main}
REQUEST_URI=/wil_webapp/assets/d445b224/js/bootstrap.js
HTTP_REFERER=http://localhost/wil_webapp/site/contact
---
2015/07/25 19:17:17 [error] [exception.CHttpException.404] exception 'CHttpException' with message 'Unable to resolve the request "assets/d445b224/css/bootstrap.css".' in C:\_program\xampp\htdocs\yii\framework\web\CWebApplication.php:286
Stack trace:
#0 C:\_program\xampp\htdocs\yii\framework\web\CWebApplication.php(141): CWebApplication->runController('assets/d445b224...')
#1 C:\_program\xampp\htdocs\yii\framework\base\CApplication.php(184): CWebApplication->processRequest()
#2 C:\_program\xampp\htdocs\wil_webapp\index.php(13): CApplication->run()
#3 {main}
REQUEST_URI=/wil_webapp/assets/d445b224/css/bootstrap.css
HTTP_REFERER=http://localhost/wil_webapp/site/login
---
2015/07/25 19:17:17 [error] [exception.CHttpException.404] exception 'CHttpException' with message 'Unable to resolve the request "assets/d445b224/js/bootstrap.js".' in C:\_program\xampp\htdocs\yii\framework\web\CWebApplication.php:286
Stack trace:
#0 C:\_program\xampp\htdocs\yii\framework\web\CWebApplication.php(141): CWebApplication->runController('assets/d445b224...')
#1 C:\_program\xampp\htdocs\yii\framework\base\CApplication.php(184): CWebApplication->processRequest()
#2 C:\_program\xampp\htdocs\wil_webapp\index.php(13): CApplication->run()
#3 {main}
REQUEST_URI=/wil_webapp/assets/d445b224/js/bootstrap.js
HTTP_REFERER=http://localhost/wil_webapp/site/login
---
2015/07/25 19:23:51 [error] [exception.CHttpException.404] exception 'CHttpException' with message 'Unable to resolve the request "assets/d445b224/css/bootstrap.css".' in C:\_program\xampp\htdocs\yii\framework\web\CWebApplication.php:286
Stack trace:
#0 C:\_program\xampp\htdocs\yii\framework\web\CWebApplication.php(141): CWebApplication->runController('assets/d445b224...')
#1 C:\_program\xampp\htdocs\yii\framework\base\CApplication.php(184): CWebApplication->processRequest()
#2 C:\_program\xampp\htdocs\wil_webapp\index.php(13): CApplication->run()
#3 {main}
REQUEST_URI=/wil_webapp/assets/d445b224/css/bootstrap.css
HTTP_REFERER=http://localhost/wil_webapp/site/login
---
2015/07/26 12:05:24 [error] [php] Illegal string offset 'class' (C:\_program\xampp\htdocs\wil_webapp\protected\extensions\bootstrap\helpers\TbHtml.php:4867)
Stack trace:
#0 C:\_program\xampp\htdocs\yii\framework\web\CBaseController.php(126): require()
#1 C:\_program\xampp\htdocs\yii\framework\web\CBaseController.php(95): SiteController->renderInternal()
#2 C:\_program\xampp\htdocs\yii\framework\web\CController.php(869): SiteController->renderFile()
#3 C:\_program\xampp\htdocs\yii\framework\web\CController.php(782): SiteController->renderPartial()
#4 C:\_program\xampp\htdocs\wil_webapp\protected\controllers\SiteController.php(32): SiteController->render()
#5 C:\_program\xampp\htdocs\yii\framework\web\actions\CInlineAction.php(49): SiteController->actionIndex()
#6 C:\_program\xampp\htdocs\yii\framework\web\CController.php(308): CInlineAction->runWithParams()
#7 C:\_program\xampp\htdocs\yii\framework\web\CController.php(286): SiteController->runAction()
#8 C:\_program\xampp\htdocs\yii\framework\web\CController.php(265): SiteController->runActionWithFilters()
#9 C:\_program\xampp\htdocs\yii\framework\web\CWebApplication.php(282): SiteController->run()
#10 C:\_program\xampp\htdocs\yii\framework\web\CWebApplication.php(141): CWebApplication->runController()
#11 C:\_program\xampp\htdocs\yii\framework\base\CApplication.php(184): CWebApplication->processRequest()
#12 C:\_program\xampp\htdocs\wil_webapp\index.php(13): CWebApplication->run()
REQUEST_URI=/wil_webapp/
in C:\_program\xampp\htdocs\wil_webapp\protected\extensions\bootstrap\helpers\TbHtml.php (4867)
in C:\_program\xampp\htdocs\wil_webapp\protected\extensions\bootstrap\helpers\TbHtml.php (4089)
in C:\_program\xampp\htdocs\wil_webapp\protected\views\site\index.php (10)
2015/07/26 12:41:19 [error] [exception.CHttpException.404] exception 'CHttpException' with message 'The system is unable to find the requested action "site".' in C:\_program\xampp\htdocs\yii\framework\web\CController.php:483
Stack trace:
#0 C:\_program\xampp\htdocs\yii\framework\web\CController.php(270): CController->missingAction('site')
#1 C:\_program\xampp\htdocs\yii\framework\web\CWebApplication.php(282): CController->run('site')
#2 C:\_program\xampp\htdocs\yii\framework\web\CWebApplication.php(141): CWebApplication->runController('site/site/index')
#3 C:\_program\xampp\htdocs\yii\framework\base\CApplication.php(184): CWebApplication->processRequest()
#4 C:\_program\xampp\htdocs\wil_webapp\index.php(13): CApplication->run()
#5 {main}
REQUEST_URI=/wil_webapp/site/site/index
HTTP_REFERER=http://localhost/wil_webapp/site/contact
---
2015/07/26 12:43:29 [error] [exception.CHttpException.404] exception 'CHttpException' with message 'The system is unable to find the requested action "~".' in C:\_program\xampp\htdocs\yii\framework\web\CController.php:483
Stack trace:
#0 C:\_program\xampp\htdocs\yii\framework\web\CController.php(270): CController->missingAction('~')
#1 C:\_program\xampp\htdocs\yii\framework\web\CWebApplication.php(282): CController->run('~')
#2 C:\_program\xampp\htdocs\yii\framework\web\CWebApplication.php(141): CWebApplication->runController('site/~/site/ind...')
#3 C:\_program\xampp\htdocs\yii\framework\base\CApplication.php(184): CWebApplication->processRequest()
#4 C:\_program\xampp\htdocs\wil_webapp\index.php(13): CApplication->run()
#5 {main}
REQUEST_URI=/wil_webapp/site/~/site/index
HTTP_REFERER=http://localhost/wil_webapp/site/contact
---
2015/07/26 12:45:53 [error] [php] htmlspecialchars() expects parameter 1 to be string, object given (C:\_program\xampp\htdocs\yii\framework\web\helpers\CHtml.php:108)
Stack trace:
#0 C:\_program\xampp\htdocs\yii\framework\web\helpers\CHtml.php(163): renderAttributes()
#1 C:\_program\xampp\htdocs\wil_webapp\protected\extensions\bootstrap\helpers\TbHtml.php(752): tag()
#2 C:\_program\xampp\htdocs\wil_webapp\protected\extensions\bootstrap\helpers\TbHtml.php(2893): tag()
#3 C:\_program\xampp\htdocs\wil_webapp\protected\extensions\bootstrap\helpers\TbHtml.php(3957): link()
#4 C:\_program\xampp\htdocs\wil_webapp\protected\views\site\contact.php(14): breadcrumbs()
#5 C:\_program\xampp\htdocs\yii\framework\web\CBaseController.php(126): require()
#6 C:\_program\xampp\htdocs\yii\framework\web\CBaseController.php(95): SiteController->renderInternal()
#7 C:\_program\xampp\htdocs\yii\framework\web\CController.php(869): SiteController->renderFile()
#8 C:\_program\xampp\htdocs\yii\framework\web\CController.php(782): SiteController->renderPartial()
#9 C:\_program\xampp\htdocs\wil_webapp\protected\controllers\SiteController.php(72): SiteController->render()
#10 C:\_program\xampp\htdocs\yii\framework\web\actions\CInlineAction.php(49): SiteController->actionContact()
#11 C:\_program\xampp\htdocs\yii\framework\web\CController.php(308): CInlineAction->runWithParams()
#12 C:\_program\xampp\htdocs\yii\framework\web\CController.php(286): SiteController->runAction()
#13 C:\_program\xampp\htdocs\yii\framework\web\CController.php(265): SiteController->runActionWithFilters()
#14 C:\_program\xampp\htdocs\yii\framework\web\CWebApplication.php(282): SiteController->run()
#15 C:\_program\xampp\htdocs\yii\framework\web\CWebApplication.php(141): CWebApplication->runController()
#16 C:\_program\xampp\htdocs\yii\framework\base\CApplication.php(184): CWebApplication->processRequest()
#17 C:\_program\xampp\htdocs\wil_webapp\index.php(13): CWebApplication->run()
REQUEST_URI=/wil_webapp/site/contact
in C:\_program\xampp\htdocs\wil_webapp\protected\extensions\bootstrap\helpers\TbHtml.php (752)
in C:\_program\xampp\htdocs\wil_webapp\protected\extensions\bootstrap\helpers\TbHtml.php (2893)
in C:\_program\xampp\htdocs\wil_webapp\protected\extensions\bootstrap\helpers\TbHtml.php (3957)
2015/07/26 12:46:24 [error] [exception.CException] exception 'CException' with message 'Property "CHttpRequest.host" is not defined.' in C:\_program\xampp\htdocs\yii\framework\base\CComponent.php:130
Stack trace:
#0 C:\_program\xampp\htdocs\wil_webapp\protected\views\site\contact.php(10): CComponent->__get('host')
#1 C:\_program\xampp\htdocs\yii\framework\web\CBaseController.php(126): require('C:\\_program\\xam...')
#2 C:\_program\xampp\htdocs\yii\framework\web\CBaseController.php(95): CBaseController->renderInternal('C:\\_program\\xam...', Array, true)
#3 C:\_program\xampp\htdocs\yii\framework\web\CController.php(869): CBaseController->renderFile('C:\\_program\\xam...', Array, true)
#4 C:\_program\xampp\htdocs\yii\framework\web\CController.php(782): CController->renderPartial('contact', Array, true)
#5 C:\_program\xampp\htdocs\wil_webapp\protected\controllers\SiteController.php(72): CController->render('contact', Array)
#6 C:\_program\xampp\htdocs\yii\framework\web\actions\CInlineAction.php(49): SiteController->actionContact()
#7 C:\_program\xampp\htdocs\yii\framework\web\CController.php(308): CInlineAction->runWithParams(Array)
#8 C:\_program\xampp\htdocs\yii\framework\web\CController.php(286): CController->runAction(Object(CInlineAction))
#9 C:\_program\xampp\htdocs\yii\framework\web\CController.php(265): CController->runActionWithFilters(Object(CInlineAction), Array)
#10 C:\_program\xampp\htdocs\yii\framework\web\CWebApplication.php(282): CController->run('contact')
#11 C:\_program\xampp\htdocs\yii\framework\web\CWebApplication.php(141): CWebApplication->runController('site/contact')
#12 C:\_program\xampp\htdocs\yii\framework\base\CApplication.php(184): CWebApplication->processRequest()
#13 C:\_program\xampp\htdocs\wil_webapp\index.php(13): CApplication->run()
#14 {main}
REQUEST_URI=/wil_webapp/site/contact
HTTP_REFERER=http://localhost/wil_webapp/site/contact
---
2015/07/26 12:46:32 [error] [exception.CException] exception 'CException' with message 'Property "CHttpRequest.hostname" is not defined.' in C:\_program\xampp\htdocs\yii\framework\base\CComponent.php:130
Stack trace:
#0 C:\_program\xampp\htdocs\wil_webapp\protected\views\site\contact.php(10): CComponent->__get('hostname')
#1 C:\_program\xampp\htdocs\yii\framework\web\CBaseController.php(126): require('C:\\_program\\xam...')
#2 C:\_program\xampp\htdocs\yii\framework\web\CBaseController.php(95): CBaseController->renderInternal('C:\\_program\\xam...', Array, true)
#3 C:\_program\xampp\htdocs\yii\framework\web\CController.php(869): CBaseController->renderFile('C:\\_program\\xam...', Array, true)
#4 C:\_program\xampp\htdocs\yii\framework\web\CController.php(782): CController->renderPartial('contact', Array, true)
#5 C:\_program\xampp\htdocs\wil_webapp\protected\controllers\SiteController.php(72): CController->render('contact', Array)
#6 C:\_program\xampp\htdocs\yii\framework\web\actions\CInlineAction.php(49): SiteController->actionContact()
#7 C:\_program\xampp\htdocs\yii\framework\web\CController.php(308): CInlineAction->runWithParams(Array)
#8 C:\_program\xampp\htdocs\yii\framework\web\CController.php(286): CController->runAction(Object(CInlineAction))
#9 C:\_program\xampp\htdocs\yii\framework\web\CController.php(265): CController->runActionWithFilters(Object(CInlineAction), Array)
#10 C:\_program\xampp\htdocs\yii\framework\web\CWebApplication.php(282): CController->run('contact')
#11 C:\_program\xampp\htdocs\yii\framework\web\CWebApplication.php(141): CWebApplication->runController('site/contact')
#12 C:\_program\xampp\htdocs\yii\framework\base\CApplication.php(184): CWebApplication->processRequest()
#13 C:\_program\xampp\htdocs\wil_webapp\index.php(13): CApplication->run()
#14 {main}
REQUEST_URI=/wil_webapp/site/contact
HTTP_REFERER=http://localhost/wil_webapp/site/contact
---
